<?xml version="1.0" encoding="UTF-8"?>
<!-- Generated by org.testng.reporters.JUnitReportReporter -->
<testsuite hostname="DESKTOP-MA2F667" failures="0" tests="1" name="tstrn.OrangeHrmTestRunner" time="21.439" errors="0" timestamp="2024-07-23T18:43:36 IST" skipped="0">
  <testcase classname="tstrn.OrangeHrmTestRunner" name="runScenario" time="21.439"/>
</testsuite> <!-- tstrn.OrangeHrmTestRunner -->
