<?xml version="1.0" encoding="UTF-8"?>
<!-- Generated by org.testng.reporters.JUnitReportReporter -->
<testsuite hostname="DESKTOP-MA2F667" failures="0" tests="1" name="SeleniumTestingPractice.Ecommerce.Staging" time="15.234" errors="0" timestamp="2024-06-24T14:54:41 IST" skipped="0">
  <testcase classname="SeleniumTestingPractice.Ecommerce.Staging" name="setup" time="15.234"/>
</testsuite> <!-- SeleniumTestingPractice.Ecommerce.Staging -->
