<?xml version="1.0" encoding="UTF-8"?>
<!-- Generated by org.testng.reporters.JUnitReportReporter -->
<testsuite hostname="DESKTOP-MA2F667" failures="0" tests="1" name="AutomationTesting.ExtentReports.ExtentReportDemo" time="5.928" errors="0" timestamp="2024-06-17T19:00:59 IST" skipped="0">
  <testcase classname="AutomationTesting.ExtentReports.ExtentReportDemo" name="initialDemo" time="5.928"/>
</testsuite> <!-- AutomationTesting.ExtentReports.ExtentReportDemo -->
